-I: Adding /home/Grxx/anaconda3/envs/AmberTools23/dat/leap/prep to search path.
-I: Adding /home/Grxx/anaconda3/envs/AmberTools23/dat/leap/lib to search path.
-I: Adding /home/Grxx/anaconda3/envs/AmberTools23/dat/leap/parm to search path.
-I: Adding /home/Grxx/anaconda3/envs/AmberTools23/dat/leap/cmd to search path.
-f: Source ../data/04_mdresult/tleap.in.

Welcome to LEaP!
(no leaprc in search path)
Sourcing: ../data/04_mdresult/tleap.in
----- Source: /home/Grxx/anaconda3/envs/AmberTools23/dat/leap/cmd/oldff/leaprc.ff99SB
----- Source of /home/Grxx/anaconda3/envs/AmberTools23/dat/leap/cmd/oldff/leaprc.ff99SB done
Log file: ./leap.log
Loading parameters: /home/Grxx/anaconda3/envs/AmberTools23/dat/leap/parm/parm99.dat
Reading title:
PARM99 for DNA,RNA,AA, organic molecules, Polariz.& LP incl.02/04/99
Loading parameters: /home/Grxx/anaconda3/envs/AmberTools23/dat/leap/parm/frcmod.ff99SB
Reading force field modification type file (frcmod)
Reading title:
Modification/update of parm99.dat (Hornak & Simmerling)
Loading library: /home/Grxx/anaconda3/envs/AmberTools23/dat/leap/lib/all_nucleic94.lib
Loading library: /home/Grxx/anaconda3/envs/AmberTools23/dat/leap/lib/all_amino94.lib
Loading library: /home/Grxx/anaconda3/envs/AmberTools23/dat/leap/lib/all_aminoct94.lib
Loading library: /home/Grxx/anaconda3/envs/AmberTools23/dat/leap/lib/all_aminont94.lib
Loading library: /home/Grxx/anaconda3/envs/AmberTools23/dat/leap/lib/ions94.lib
Loading library: /home/Grxx/anaconda3/envs/AmberTools23/dat/leap/lib/solvents.lib
----- Source: /home/Grxx/anaconda3/envs/AmberTools23/dat/leap/cmd/leaprc.gaff
----- Source of /home/Grxx/anaconda3/envs/AmberTools23/dat/leap/cmd/leaprc.gaff done
Log file: ./leap.log
Loading parameters: /home/Grxx/anaconda3/envs/AmberTools23/dat/leap/parm/gaff.dat
Reading title:
AMBER General Force Field for organic molecules (Version 1.81, May 2017)
Loading parameters: ../data/04_mdresult/cmp.frcmod
Reading force field modification type file (frcmod)
Reading title:
Remark line goes here
Loading library: ../data/04_mdresult/cmp.lib
Loading PDB file: ../data/04_mdresult/cngc-5k8sB.pdb
 (starting new molecule for chain A)
  total atoms in file: 5811
  Leap added 5889 missing atoms according to residue templates:
       5889 H / lone pairs
Checking Unit.

/home/Grxx/anaconda3/envs/AmberTools23/bin/teLeap: Warning!
The unperturbed charge of the unit (34.001000) is not zero.

/home/Grxx/anaconda3/envs/AmberTools23/bin/teLeap: Note.
Ignoring the warning from Unit Checking.

Building topology.
Building atom parameters.
Building bond parameters.
Building angle parameters.
Building proper torsion parameters.
Building improper torsion parameters.
 total 2406 improper torsions applied
Building H-Bond parameters.
Incorporating Non-Bonded adjustments.
Not Marking per-residue atom chain types.
Marking per-residue atom chain types.
  (Residues lacking connect0/connect1 - 
   these don't have chain types marked:

	res	total affected

	CGLU	1
	CMP	1
	NMET	1
  )
 (no restraints)
Writing pdb file: ../data/04_mdresult/cngc.pdb

/home/Grxx/anaconda3/envs/AmberTools23/bin/teLeap: Warning!
 Converting N-terminal residue name to PDB format: NMET -> MET

/home/Grxx/anaconda3/envs/AmberTools23/bin/teLeap: Warning!
 Converting C-terminal residue name to PDB format: CGLU -> GLU
	Quit

Exiting LEaP: Errors = 0; Warnings = 3; Notes = 1.
